\BOOKMARK [0][-]{chapter.1}{\376\377\000R\000e\000f\000e\000r\000e\000n\000c\000e\000s}{}% 1
\BOOKMARK [0][-]{chapter.2}{\376\377\000A\000u\000t\000h\000o\000r\000s}{}% 2
\BOOKMARK [1][-]{section.2.1}{\376\377\000r\000d\000d\000e\000n\000s\000i\000t\000y}{chapter.2}% 3
\BOOKMARK [2][-]{subsection.2.1.1}{\376\377\000r\000d\000d\000e\000n\000s\000i\000t\000y}{section.2.1}% 4
\BOOKMARK [3][-]{subsubsection*.3}{\376\377\000D\000e\000s\000c\000r\000i\000p\000t\000i\000o\000n}{subsection.2.1.1}% 5
\BOOKMARK [3][-]{subsubsection*.4}{\376\377\000R\000e\000f\000e\000r\000e\000n\000c\000e\000s}{subsection.2.1.1}% 6
\BOOKMARK [3][-]{subsubsection*.5}{\376\377\000A\000u\000t\000h\000o\000r\000s}{subsection.2.1.1}% 7
\BOOKMARK [3][-]{subsubsection*.9}{\376\377\000E\000x\000a\000m\000p\000l\000e}{subsection.2.1.1}% 8
\BOOKMARK [2][-]{subsection.2.1.2}{\376\377\000r\000d\000b\000w\000d\000e\000n\000s\000i\000t\000y}{section.2.1}% 9
\BOOKMARK [3][-]{subsubsection*.10}{\376\377\000D\000e\000s\000c\000r\000i\000p\000t\000i\000o\000n}{subsection.2.1.2}% 10
\BOOKMARK [3][-]{subsubsection*.11}{\376\377\000R\000e\000f\000e\000r\000e\000n\000c\000e\000s}{subsection.2.1.2}% 11
\BOOKMARK [3][-]{subsubsection*.12}{\376\377\000A\000u\000t\000h\000o\000r\000s}{subsection.2.1.2}% 12
\BOOKMARK [3][-]{subsubsection*.16}{\376\377\000E\000x\000a\000m\000p\000l\000e}{subsection.2.1.2}% 13
\BOOKMARK [2][-]{subsection.2.1.3}{\376\377\000r\000d\000p\000l\000o\000t\000d\000e\000n\000s\000i\000t\000y}{section.2.1}% 14
\BOOKMARK [3][-]{subsubsection*.17}{\376\377\000D\000e\000s\000c\000r\000i\000p\000t\000i\000o\000n}{subsection.2.1.3}% 15
\BOOKMARK [3][-]{subsubsection*.18}{\376\377\000D\000e\000t\000a\000i\000l\000s}{subsection.2.1.3}% 16
\BOOKMARK [3][-]{subsubsection*.19}{\376\377\000R\000e\000f\000e\000r\000e\000n\000c\000e\000s}{subsection.2.1.3}% 17
\BOOKMARK [3][-]{subsubsection*.20}{\376\377\000A\000u\000t\000h\000o\000r\000s}{subsection.2.1.3}% 18
\BOOKMARK [3][-]{subsubsection*.23}{\376\377\000E\000x\000a\000m\000p\000l\000e}{subsection.2.1.3}% 19
\BOOKMARK [0][-]{section*.24}{\376\377\000P\000y\000t\000h\000o\000n\000\040\000M\000o\000d\000u\000l\000e\000\040\000I\000n\000d\000e\000x}{}% 20
\BOOKMARK [0][-]{section*.25}{\376\377\000I\000n\000d\000e\000x}{}% 21
